# JRE version: OpenJDK Runtime Environment (21.0.4) (build 21.0.4+-12508038-b607.1)
# Java VM: OpenJDK 64-Bit Server VM (21.0.4+-12508038-b607.1, mixed mode, tiered, compressed oops, compressed class ptrs, g1 gc, windows-amd64)
GC Precious Log:
 CardTable entry size: 512
 Card Set container configuration: InlinePtr #cards 5 size 8 Array Of Cards #cards 12 size 40 Howl #buckets 4 coarsen threshold 1843 Howl Bitmap #cards 512 size 80 coarsen threshold 460 Card regions per heap region 1 cards per card region 2048
 CPUs: 12 total, 12 available
 Memory: 5996M
 Large Page Support: Disabled
 NUMA Support: Disabled
 Compressed Oops: Enabled (32-bit)
 Heap Region Size: 1M
 Heap Min Capacity: 8M
 Heap Initial Capacity: 94M
 Heap Max Capacity: 1500M
 Pre-touch: Disabled
 Parallel Workers: 10
 Concurrent Workers: 3
 Concurrent Refinement Workers: 10
 Periodic GC: Disabled
Heap:
 garbage-first heap   total 39936K, used 33237K [0x00000000a2400000, 0x0000000100000000)
  region size 1024K, 17 young (17408K), 2 survivors (2048K)
 Metaspace       used 40260K, committed 40960K, reserved 1114112K
  class space    used 4816K, committed 5184K, reserved 1048576K
GC Heap History (16 events):
Event: 1.904 GC heap before
{Heap before GC invocations=0 (full 0):
 garbage-first heap   total 96256K, used 27648K [0x00000000a2400000, 0x0000000100000000)
  region size 1024K, 23 young (23552K), 0 survivors (0K)
 Metaspace       used 14977K, committed 15104K, reserved 1114112K
  class space    used 1470K, committed 1536K, reserved 1048576K
}
Event: 1.913 GC heap after
{Heap after GC invocations=1 (full 0):
 garbage-first heap   total 96256K, used 7050K [0x00000000a2400000, 0x0000000100000000)
  region size 1024K, 3 young (3072K), 3 survivors (3072K)
 Metaspace       used 14977K, committed 15104K, reserved 1114112K
  class space    used 1470K, committed 1536K, reserved 1048576K
}
Event: 3.015 GC heap before
{Heap before GC invocations=1 (full 0):
 garbage-first heap   total 96256K, used 25482K [0x00000000a2400000, 0x0000000100000000)
  region size 1024K, 22 young (22528K), 3 survivors (3072K)
 Metaspace       used 21329K, committed 21504K, reserved 1114112K
  class space    used 2224K, committed 2304K, reserved 1048576K
}
Event: 3.025 GC heap after
{Heap after GC invocations=2 (full 0):
 garbage-first heap   total 96256K, used 7996K [0x00000000a2400000, 0x0000000100000000)
  region size 1024K, 1 young (1024K), 1 survivors (1024K)
 Metaspace       used 21329K, committed 21504K, reserved 1114112K
  class space    used 2224K, committed 2304K, reserved 1048576K
}
Event: 3.657 GC heap before
{Heap before GC invocations=3 (full 0):
 garbage-first heap   total 27648K, used 27452K [0x00000000a2400000, 0x0000000100000000)
  region size 1024K, 18 young (18432K), 1 survivors (1024K)
 Metaspace       used 23581K, committed 23808K, reserved 1114112K
  class space    used 2788K, committed 2880K, reserved 1048576K
}
Event: 3.672 GC heap after
{Heap after GC invocations=4 (full 0):
 garbage-first heap   total 32768K, used 14140K [0x00000000a2400000, 0x0000000100000000)
  region size 1024K, 5 young (5120K), 5 survivors (5120K)
 Metaspace       used 23581K, committed 23808K, reserved 1114112K
  class space    used 2788K, committed 2880K, reserved 1048576K
}
Event: 3.913 GC heap before
{Heap before GC invocations=4 (full 0):
 garbage-first heap   total 32768K, used 24380K [0x00000000a2400000, 0x0000000100000000)
  region size 1024K, 15 young (15360K), 5 survivors (5120K)
 Metaspace       used 27060K, committed 27264K, reserved 1114112K
  class space    used 3384K, committed 3520K, reserved 1048576K
}
Event: 3.926 GC heap after
{Heap after GC invocations=5 (full 0):
 garbage-first heap   total 32768K, used 15176K [0x00000000a2400000, 0x0000000100000000)
  region size 1024K, 1 young (1024K), 1 survivors (1024K)
 Metaspace       used 27060K, committed 27264K, reserved 1114112K
  class space    used 3384K, committed 3520K, reserved 1048576K
}
Event: 4.976 GC heap before
{Heap before GC invocations=5 (full 0):
 garbage-first heap   total 32768K, used 27464K [0x00000000a2400000, 0x0000000100000000)
  region size 1024K, 13 young (13312K), 1 survivors (1024K)
 Metaspace       used 29815K, committed 30016K, reserved 1114112K
  class space    used 3659K, committed 3776K, reserved 1048576K
}
Event: 4.985 GC heap after
{Heap after GC invocations=6 (full 0):
 garbage-first heap   total 32768K, used 15146K [0x00000000a2400000, 0x0000000100000000)
  region size 1024K, 2 young (2048K), 2 survivors (2048K)
 Metaspace       used 29815K, committed 30016K, reserved 1114112K
  class space    used 3659K, committed 3776K, reserved 1048576K
}
Event: 5.619 GC heap before
{Heap before GC invocations=6 (full 0):
 garbage-first heap   total 32768K, used 26410K [0x00000000a2400000, 0x0000000100000000)
  region size 1024K, 13 young (13312K), 2 survivors (2048K)
 Metaspace       used 32209K, committed 32320K, reserved 1114112K
  class space    used 3914K, committed 3968K, reserved 1048576K
}
Event: 5.629 GC heap after
{Heap after GC invocations=7 (full 0):
 garbage-first heap   total 32768K, used 16816K [0x00000000a2400000, 0x0000000100000000)
  region size 1024K, 2 young (2048K), 2 survivors (2048K)
 Metaspace       used 32209K, committed 32320K, reserved 1114112K
  class space    used 3914K, committed 3968K, reserved 1048576K
}
Event: 6.442 GC heap before
{Heap before GC invocations=7 (full 0):
 garbage-first heap   total 32768K, used 26032K [0x00000000a2400000, 0x0000000100000000)
  region size 1024K, 12 young (12288K), 2 survivors (2048K)
 Metaspace       used 34374K, committed 34624K, reserved 1114112K
  class space    used 4070K, committed 4160K, reserved 1048576K
}
Event: 6.449 GC heap after
{Heap after GC invocations=8 (full 0):
 garbage-first heap   total 39936K, used 17706K [0x00000000a2400000, 0x0000000100000000)
  region size 1024K, 1 young (1024K), 1 survivors (1024K)
 Metaspace       used 34374K, committed 34624K, reserved 1114112K
  class space    used 4070K, committed 4160K, reserved 1048576K
}
Event: 7.124 GC heap before
{Heap before GC invocations=9 (full 0):
 garbage-first heap   total 39936K, used 33066K [0x00000000a2400000, 0x0000000100000000)
  region size 1024K, 16 young (16384K), 1 survivors (1024K)
 Metaspace       used 36945K, committed 37376K, reserved 1114112K
  class space    used 4397K, committed 4608K, reserved 1048576K
}
Event: 7.132 GC heap after
{Heap after GC invocations=10 (full 0):
 garbage-first heap   total 39936K, used 18901K [0x00000000a2400000, 0x0000000100000000)
  region size 1024K, 2 young (2048K), 2 survivors (2048K)
 Metaspace       used 36945K, committed 37376K, reserved 1114112K
  class space    used 4397K, committed 4608K, reserved 1048576K
}

