# JRE version: OpenJDK Runtime Environment (21.0.4) (build 21.0.4+-12508038-b607.1)
# Java VM: OpenJDK 64-Bit Server VM (21.0.4+-12508038-b607.1, mixed mode, tiered, compressed oops, compressed class ptrs, g1 gc, windows-amd64)
GC Precious Log:
 CardTable entry size: 512
 Card Set container configuration: InlinePtr #cards 5 size 8 Array Of Cards #cards 12 size 40 Howl #buckets 4 coarsen threshold 1843 Howl Bitmap #cards 512 size 80 coarsen threshold 460 Card regions per heap region 1 cards per card region 2048
 CPUs: 12 total, 12 available
 Memory: 5996M
 Large Page Support: Disabled
 NUMA Support: Disabled
 Compressed Oops: Enabled (32-bit)
 Heap Region Size: 1M
 Heap Min Capacity: 8M
 Heap Initial Capacity: 94M
 Heap Max Capacity: 1500M
 Pre-touch: Disabled
 Parallel Workers: 10
 Concurrent Workers: 3
 Concurrent Refinement Workers: 10
 Periodic GC: Disabled
Heap:
 garbage-first heap   total 87040K, used 39057K [0x00000000a2400000, 0x0000000100000000)
  region size 1024K, 8 young (8192K), 1 survivors (1024K)
 Metaspace       used 60681K, committed 61376K, reserved 1114112K
  class space    used 7049K, committed 7360K, reserved 1048576K
GC Heap History (20 events):
Event: 4.458 GC heap before
{Heap before GC invocations=7 (full 0):
 garbage-first heap   total 35840K, used 22177K [0x00000000a2400000, 0x0000000100000000)
  region size 1024K, 8 young (8192K), 2 survivors (2048K)
 Metaspace       used 35668K, committed 35968K, reserved 1114112K
  class space    used 4217K, committed 4352K, reserved 1048576K
}
Event: 4.463 GC heap after
{Heap after GC invocations=8 (full 0):
 garbage-first heap   total 35840K, used 17757K [0x00000000a2400000, 0x0000000100000000)
  region size 1024K, 1 young (1024K), 1 survivors (1024K)
 Metaspace       used 35668K, committed 35968K, reserved 1114112K
  class space    used 4217K, committed 4352K, reserved 1048576K
}
Event: 4.730 GC heap before
{Heap before GC invocations=9 (full 0):
 garbage-first heap   total 35840K, used 30045K [0x00000000a2400000, 0x0000000100000000)
  region size 1024K, 13 young (13312K), 1 survivors (1024K)
 Metaspace       used 37176K, committed 37760K, reserved 1114112K
  class space    used 4456K, committed 4736K, reserved 1048576K
}
Event: 4.735 GC heap after
{Heap after GC invocations=10 (full 0):
 garbage-first heap   total 43008K, used 18471K [0x00000000a2400000, 0x0000000100000000)
  region size 1024K, 2 young (2048K), 2 survivors (2048K)
 Metaspace       used 37176K, committed 37760K, reserved 1114112K
  class space    used 4456K, committed 4736K, reserved 1048576K
}
Event: 5.368 GC heap before
{Heap before GC invocations=10 (full 0):
 garbage-first heap   total 43008K, used 35879K [0x00000000a2400000, 0x0000000100000000)
  region size 1024K, 19 young (19456K), 2 survivors (2048K)
 Metaspace       used 41671K, committed 42368K, reserved 1114112K
  class space    used 5056K, committed 5376K, reserved 1048576K
}
Event: 5.377 GC heap after
{Heap after GC invocations=11 (full 0):
 garbage-first heap   total 43008K, used 19332K [0x00000000a2400000, 0x0000000100000000)
  region size 1024K, 3 young (3072K), 3 survivors (3072K)
 Metaspace       used 41671K, committed 42368K, reserved 1114112K
  class space    used 5056K, committed 5376K, reserved 1048576K
}
Event: 6.148 GC heap before
{Heap before GC invocations=11 (full 0):
 garbage-first heap   total 43008K, used 36740K [0x00000000a2400000, 0x0000000100000000)
  region size 1024K, 19 young (19456K), 3 survivors (3072K)
 Metaspace       used 45379K, committed 46080K, reserved 1114112K
  class space    used 5471K, committed 5824K, reserved 1048576K
}
Event: 6.159 GC heap after
{Heap after GC invocations=12 (full 0):
 garbage-first heap   total 43008K, used 23227K [0x00000000a2400000, 0x0000000100000000)
  region size 1024K, 3 young (3072K), 3 survivors (3072K)
 Metaspace       used 45379K, committed 46080K, reserved 1114112K
  class space    used 5471K, committed 5824K, reserved 1048576K
}
Event: 7.202 GC heap before
{Heap before GC invocations=12 (full 0):
 garbage-first heap   total 43008K, used 35515K [0x00000000a2400000, 0x0000000100000000)
  region size 1024K, 16 young (16384K), 3 survivors (3072K)
 Metaspace       used 48678K, committed 49408K, reserved 1114112K
  class space    used 5858K, committed 6208K, reserved 1048576K
}
Event: 7.213 GC heap after
{Heap after GC invocations=13 (full 0):
 garbage-first heap   total 43008K, used 24620K [0x00000000a2400000, 0x0000000100000000)
  region size 1024K, 2 young (2048K), 2 survivors (2048K)
 Metaspace       used 48678K, committed 49408K, reserved 1114112K
  class space    used 5858K, committed 6208K, reserved 1048576K
}
Event: 7.337 GC heap before
{Heap before GC invocations=14 (full 0):
 garbage-first heap   total 45056K, used 37932K [0x00000000a2400000, 0x0000000100000000)
  region size 1024K, 14 young (14336K), 2 survivors (2048K)
 Metaspace       used 48712K, committed 49408K, reserved 1114112K
  class space    used 5858K, committed 6208K, reserved 1048576K
}
Event: 7.349 GC heap after
{Heap after GC invocations=15 (full 0):
 garbage-first heap   total 54272K, used 28075K [0x00000000a2400000, 0x0000000100000000)
  region size 1024K, 2 young (2048K), 2 survivors (2048K)
 Metaspace       used 48712K, committed 49408K, reserved 1114112K
  class space    used 5858K, committed 6208K, reserved 1048576K
}
Event: 7.493 GC heap before
{Heap before GC invocations=15 (full 0):
 garbage-first heap   total 54272K, used 44459K [0x00000000a2400000, 0x0000000100000000)
  region size 1024K, 18 young (18432K), 2 survivors (2048K)
 Metaspace       used 48788K, committed 49472K, reserved 1114112K
  class space    used 5858K, committed 6208K, reserved 1048576K
}
Event: 7.506 GC heap after
{Heap after GC invocations=16 (full 0):
 garbage-first heap   total 54272K, used 29285K [0x00000000a2400000, 0x0000000100000000)
  region size 1024K, 3 young (3072K), 3 survivors (3072K)
 Metaspace       used 48788K, committed 49472K, reserved 1114112K
  class space    used 5858K, committed 6208K, reserved 1048576K
}
Event: 8.165 GC heap before
{Heap before GC invocations=16 (full 0):
 garbage-first heap   total 54272K, used 44645K [0x00000000a2400000, 0x0000000100000000)
  region size 1024K, 19 young (19456K), 3 survivors (3072K)
 Metaspace       used 51598K, committed 52288K, reserved 1114112K
  class space    used 6162K, committed 6464K, reserved 1048576K
}
Event: 8.176 GC heap after
{Heap after GC invocations=17 (full 0):
 garbage-first heap   total 54272K, used 31085K [0x00000000a2400000, 0x0000000100000000)
  region size 1024K, 3 young (3072K), 3 survivors (3072K)
 Metaspace       used 51598K, committed 52288K, reserved 1114112K
  class space    used 6162K, committed 6464K, reserved 1048576K
}
Event: 9.729 GC heap before
{Heap before GC invocations=18 (full 0):
 garbage-first heap   total 54272K, used 45421K [0x00000000a2400000, 0x0000000100000000)
  region size 1024K, 18 young (18432K), 3 survivors (3072K)
 Metaspace       used 54800K, committed 55488K, reserved 1114112K
  class space    used 6449K, committed 6784K, reserved 1048576K
}
Event: 9.746 GC heap after
{Heap after GC invocations=19 (full 0):
 garbage-first heap   total 54272K, used 33171K [0x00000000a2400000, 0x0000000100000000)
  region size 1024K, 2 young (2048K), 2 survivors (2048K)
 Metaspace       used 54800K, committed 55488K, reserved 1114112K
  class space    used 6449K, committed 6784K, reserved 1048576K
}
Event: 10.230 GC heap before
{Heap before GC invocations=19 (full 0):
 garbage-first heap   total 54272K, used 46483K [0x00000000a2400000, 0x0000000100000000)
  region size 1024K, 16 young (16384K), 2 survivors (2048K)
 Metaspace       used 58612K, committed 59328K, reserved 1114112K
  class space    used 6885K, committed 7232K, reserved 1048576K
}
Event: 10.241 GC heap after
{Heap after GC invocations=20 (full 0):
 garbage-first heap   total 87040K, used 33937K [0x00000000a2400000, 0x0000000100000000)
  region size 1024K, 1 young (1024K), 1 survivors (1024K)
 Metaspace       used 58612K, committed 59328K, reserved 1114112K
  class space    used 6885K, committed 7232K, reserved 1048576K
}

