# JRE version: OpenJDK Runtime Environment (21.0.4) (build 21.0.4+-12508038-b607.1)
# Java VM: OpenJDK 64-Bit Server VM (21.0.4+-12508038-b607.1, mixed mode, tiered, compressed oops, compressed class ptrs, g1 gc, windows-amd64)
GC Precious Log:
 CardTable entry size: 512
 Card Set container configuration: InlinePtr #cards 5 size 8 Array Of Cards #cards 12 size 40 Howl #buckets 4 coarsen threshold 1843 Howl Bitmap #cards 512 size 80 coarsen threshold 460 Card regions per heap region 1 cards per card region 2048
 CPUs: 12 total, 12 available
 Memory: 5996M
 Large Page Support: Disabled
 NUMA Support: Disabled
 Compressed Oops: Enabled (32-bit)
 Heap Region Size: 1M
 Heap Min Capacity: 8M
 Heap Initial Capacity: 94M
 Heap Max Capacity: 1500M
 Pre-touch: Disabled
 Parallel Workers: 10
 Concurrent Workers: 3
 Concurrent Refinement Workers: 10
 Periodic GC: Disabled
Heap:
 garbage-first heap   total 49152K, used 28527K [0x00000000a2400000, 0x0000000100000000)
  region size 1024K, 11 young (11264K), 1 survivors (1024K)
 Metaspace       used 39610K, committed 40384K, reserved 1114112K
  class space    used 4748K, committed 5120K, reserved 1048576K
GC Heap History (16 events):
Event: 1.897 GC heap before
{Heap before GC invocations=0 (full 0):
 garbage-first heap   total 96256K, used 27648K [0x00000000a2400000, 0x0000000100000000)
  region size 1024K, 23 young (23552K), 0 survivors (0K)
 Metaspace       used 14975K, committed 15168K, reserved 1114112K
  class space    used 1470K, committed 1536K, reserved 1048576K
}
Event: 1.909 GC heap after
{Heap after GC invocations=1 (full 0):
 garbage-first heap   total 96256K, used 6858K [0x00000000a2400000, 0x0000000100000000)
  region size 1024K, 3 young (3072K), 3 survivors (3072K)
 Metaspace       used 14975K, committed 15168K, reserved 1114112K
  class space    used 1470K, committed 1536K, reserved 1048576K
}
Event: 3.022 GC heap before
{Heap before GC invocations=1 (full 0):
 garbage-first heap   total 96256K, used 25290K [0x00000000a2400000, 0x0000000100000000)
  region size 1024K, 22 young (22528K), 3 survivors (3072K)
 Metaspace       used 21340K, committed 21504K, reserved 1114112K
  class space    used 2226K, committed 2304K, reserved 1048576K
}
Event: 3.033 GC heap after
{Heap after GC invocations=2 (full 0):
 garbage-first heap   total 96256K, used 8173K [0x00000000a2400000, 0x0000000100000000)
  region size 1024K, 2 young (2048K), 2 survivors (2048K)
 Metaspace       used 21340K, committed 21504K, reserved 1114112K
  class space    used 2226K, committed 2304K, reserved 1048576K
}
Event: 3.723 GC heap before
{Heap before GC invocations=3 (full 0):
 garbage-first heap   total 30720K, used 29677K [0x00000000a2400000, 0x0000000100000000)
  region size 1024K, 21 young (21504K), 2 survivors (2048K)
 Metaspace       used 24814K, committed 25088K, reserved 1114112K
  class space    used 3118K, committed 3264K, reserved 1048576K
}
Event: 3.739 GC heap after
{Heap after GC invocations=4 (full 0):
 garbage-first heap   total 36864K, used 14294K [0x00000000a2400000, 0x0000000100000000)
  region size 1024K, 6 young (6144K), 6 survivors (6144K)
 Metaspace       used 24814K, committed 25088K, reserved 1114112K
  class space    used 3118K, committed 3264K, reserved 1048576K
}
Event: 4.073 GC heap before
{Heap before GC invocations=4 (full 0):
 garbage-first heap   total 36864K, used 26582K [0x00000000a2400000, 0x0000000100000000)
  region size 1024K, 18 young (18432K), 6 survivors (6144K)
 Metaspace       used 28525K, committed 28672K, reserved 1114112K
  class space    used 3523K, committed 3584K, reserved 1048576K
}
Event: 4.095 GC heap after
{Heap after GC invocations=5 (full 0):
 garbage-first heap   total 36864K, used 16128K [0x00000000a2400000, 0x0000000100000000)
  region size 1024K, 2 young (2048K), 2 survivors (2048K)
 Metaspace       used 28525K, committed 28672K, reserved 1114112K
  class space    used 3523K, committed 3584K, reserved 1048576K
}
Event: 4.957 GC heap before
{Heap before GC invocations=5 (full 0):
 garbage-first heap   total 36864K, used 28416K [0x00000000a2400000, 0x0000000100000000)
  region size 1024K, 15 young (15360K), 2 survivors (2048K)
 Metaspace       used 31140K, committed 31360K, reserved 1114112K
  class space    used 3810K, committed 3904K, reserved 1048576K
}
Event: 4.965 GC heap after
{Heap after GC invocations=6 (full 0):
 garbage-first heap   total 36864K, used 16044K [0x00000000a2400000, 0x0000000100000000)
  region size 1024K, 2 young (2048K), 2 survivors (2048K)
 Metaspace       used 31140K, committed 31360K, reserved 1114112K
  class space    used 3810K, committed 3904K, reserved 1048576K
}
Event: 6.266 GC heap before
{Heap before GC invocations=6 (full 0):
 garbage-first heap   total 36864K, used 30380K [0x00000000a2400000, 0x0000000100000000)
  region size 1024K, 16 young (16384K), 2 survivors (2048K)
 Metaspace       used 34264K, committed 34496K, reserved 1114112K
  class space    used 4062K, committed 4160K, reserved 1048576K
}
Event: 6.274 GC heap after
{Heap after GC invocations=7 (full 0):
 garbage-first heap   total 36864K, used 17484K [0x00000000a2400000, 0x0000000100000000)
  region size 1024K, 2 young (2048K), 2 survivors (2048K)
 Metaspace       used 34264K, committed 34496K, reserved 1114112K
  class space    used 4062K, committed 4160K, reserved 1048576K
}
Event: 6.885 GC heap before
{Heap before GC invocations=7 (full 0):
 garbage-first heap   total 36864K, used 25676K [0x00000000a2400000, 0x0000000100000000)
  region size 1024K, 11 young (11264K), 2 survivors (2048K)
 Metaspace       used 35969K, committed 36288K, reserved 1114112K
  class space    used 4239K, committed 4416K, reserved 1048576K
}
Event: 6.893 GC heap after
{Heap after GC invocations=8 (full 0):
 garbage-first heap   total 36864K, used 19196K [0x00000000a2400000, 0x0000000100000000)
  region size 1024K, 2 young (2048K), 2 survivors (2048K)
 Metaspace       used 35969K, committed 36288K, reserved 1114112K
  class space    used 4239K, committed 4416K, reserved 1048576K
}
Event: 7.170 GC heap before
{Heap before GC invocations=9 (full 0):
 garbage-first heap   total 36864K, used 29436K [0x00000000a2400000, 0x0000000100000000)
  region size 1024K, 13 young (13312K), 2 survivors (2048K)
 Metaspace       used 37467K, committed 38080K, reserved 1114112K
  class space    used 4485K, committed 4800K, reserved 1048576K
}
Event: 7.176 GC heap after
{Heap after GC invocations=10 (full 0):
 garbage-first heap   total 49152K, used 19311K [0x00000000a2400000, 0x0000000100000000)
  region size 1024K, 1 young (1024K), 1 survivors (1024K)
 Metaspace       used 37467K, committed 38080K, reserved 1114112K
  class space    used 4485K, committed 4800K, reserved 1048576K
}

