# JRE version: OpenJDK Runtime Environment (21.0.4) (build 21.0.4+-12508038-b607.1)
# Java VM: OpenJDK 64-Bit Server VM (21.0.4+-12508038-b607.1, mixed mode, tiered, compressed oops, compressed class ptrs, g1 gc, windows-amd64)
GC Precious Log:
 CardTable entry size: 512
 Card Set container configuration: InlinePtr #cards 5 size 8 Array Of Cards #cards 12 size 40 Howl #buckets 4 coarsen threshold 1843 Howl Bitmap #cards 512 size 80 coarsen threshold 460 Card regions per heap region 1 cards per card region 2048
 CPUs: 12 total, 12 available
 Memory: 5996M
 Large Page Support: Disabled
 NUMA Support: Disabled
 Compressed Oops: Enabled (32-bit)
 Heap Region Size: 1M
 Heap Min Capacity: 8M
 Heap Initial Capacity: 94M
 Heap Max Capacity: 1500M
 Pre-touch: Disabled
 Parallel Workers: 10
 Concurrent Workers: 3
 Concurrent Refinement Workers: 10
 Periodic GC: Disabled
Heap:
 garbage-first heap   total 58368K, used 43924K [0x00000000a2400000, 0x0000000100000000)
  region size 1024K, 17 young (17408K), 2 survivors (2048K)
 Metaspace       used 65377K, committed 66048K, reserved 1114112K
  class space    used 7512K, committed 7808K, reserved 1048576K
GC Heap History (20 events):
Event: 3.371 GC heap before
{Heap before GC invocations=5 (full 0):
 garbage-first heap   total 35840K, used 28106K [0x00000000a2400000, 0x0000000100000000)
  region size 1024K, 15 young (15360K), 2 survivors (2048K)
 Metaspace       used 31483K, committed 31680K, reserved 1114112K
  class space    used 3853K, committed 3904K, reserved 1048576K
}
Event: 3.375 GC heap after
{Heap after GC invocations=6 (full 0):
 garbage-first heap   total 35840K, used 15619K [0x00000000a2400000, 0x0000000100000000)
  region size 1024K, 2 young (2048K), 2 survivors (2048K)
 Metaspace       used 31483K, committed 31680K, reserved 1114112K
  class space    used 3853K, committed 3904K, reserved 1048576K
}
Event: 3.742 GC heap before
{Heap before GC invocations=6 (full 0):
 garbage-first heap   total 35840K, used 27907K [0x00000000a2400000, 0x0000000100000000)
  region size 1024K, 15 young (15360K), 2 survivors (2048K)
 Metaspace       used 34399K, committed 34560K, reserved 1114112K
  class space    used 4065K, committed 4160K, reserved 1048576K
}
Event: 3.777 GC heap after
{Heap after GC invocations=7 (full 0):
 garbage-first heap   total 43008K, used 17146K [0x00000000a2400000, 0x0000000100000000)
  region size 1024K, 2 young (2048K), 2 survivors (2048K)
 Metaspace       used 34399K, committed 34560K, reserved 1114112K
  class space    used 4065K, committed 4160K, reserved 1048576K
}
Event: 3.941 GC heap before
{Heap before GC invocations=7 (full 0):
 garbage-first heap   total 43008K, used 22266K [0x00000000a2400000, 0x0000000100000000)
  region size 1024K, 8 young (8192K), 2 survivors (2048K)
 Metaspace       used 35665K, committed 35968K, reserved 1114112K
  class space    used 4209K, committed 4352K, reserved 1048576K
}
Event: 3.946 GC heap after
{Heap after GC invocations=8 (full 0):
 garbage-first heap   total 43008K, used 17975K [0x00000000a2400000, 0x0000000100000000)
  region size 1024K, 3 young (3072K), 3 survivors (3072K)
 Metaspace       used 35665K, committed 35968K, reserved 1114112K
  class space    used 4209K, committed 4352K, reserved 1048576K
}
Event: 4.211 GC heap before
{Heap before GC invocations=9 (full 0):
 garbage-first heap   total 43008K, used 34359K [0x00000000a2400000, 0x0000000100000000)
  region size 1024K, 20 young (20480K), 3 survivors (3072K)
 Metaspace       used 37852K, committed 38528K, reserved 1114112K
  class space    used 4566K, committed 4928K, reserved 1048576K
}
Event: 4.217 GC heap after
{Heap after GC invocations=10 (full 0):
 garbage-first heap   total 43008K, used 18838K [0x00000000a2400000, 0x0000000100000000)
  region size 1024K, 2 young (2048K), 2 survivors (2048K)
 Metaspace       used 37852K, committed 38528K, reserved 1114112K
  class space    used 4566K, committed 4928K, reserved 1048576K
}
Event: 4.732 GC heap before
{Heap before GC invocations=10 (full 0):
 garbage-first heap   total 43008K, used 38294K [0x00000000a2400000, 0x0000000100000000)
  region size 1024K, 19 young (19456K), 2 survivors (2048K)
 Metaspace       used 42549K, committed 43328K, reserved 1114112K
  class space    used 5133K, committed 5504K, reserved 1048576K
}
Event: 4.740 GC heap after
{Heap after GC invocations=11 (full 0):
 garbage-first heap   total 43008K, used 22259K [0x00000000a2400000, 0x0000000100000000)
  region size 1024K, 3 young (3072K), 3 survivors (3072K)
 Metaspace       used 42549K, committed 43328K, reserved 1114112K
  class space    used 5133K, committed 5504K, reserved 1048576K
}
Event: 5.091 GC heap before
{Heap before GC invocations=11 (full 0):
 garbage-first heap   total 43008K, used 35571K [0x00000000a2400000, 0x0000000100000000)
  region size 1024K, 17 young (17408K), 3 survivors (3072K)
 Metaspace       used 46088K, committed 46784K, reserved 1114112K
  class space    used 5541K, committed 5888K, reserved 1048576K
}
Event: 5.097 GC heap after
{Heap after GC invocations=12 (full 0):
 garbage-first heap   total 58368K, used 23609K [0x00000000a2400000, 0x0000000100000000)
  region size 1024K, 2 young (2048K), 2 survivors (2048K)
 Metaspace       used 46088K, committed 46784K, reserved 1114112K
  class space    used 5541K, committed 5888K, reserved 1048576K
}
Event: 5.655 GC heap before
{Heap before GC invocations=13 (full 0):
 garbage-first heap   total 58368K, used 50233K [0x00000000a2400000, 0x0000000100000000)
  region size 1024K, 27 young (27648K), 2 survivors (2048K)
 Metaspace       used 48689K, committed 49408K, reserved 1114112K
  class space    used 5855K, committed 6208K, reserved 1048576K
}
Event: 5.663 GC heap after
{Heap after GC invocations=14 (full 0):
 garbage-first heap   total 58368K, used 25328K [0x00000000a2400000, 0x0000000100000000)
  region size 1024K, 3 young (3072K), 3 survivors (3072K)
 Metaspace       used 48689K, committed 49408K, reserved 1114112K
  class space    used 5855K, committed 6208K, reserved 1048576K
}
Event: 6.142 GC heap before
{Heap before GC invocations=14 (full 0):
 garbage-first heap   total 58368K, used 50928K [0x00000000a2400000, 0x0000000100000000)
  region size 1024K, 28 young (28672K), 3 survivors (3072K)
 Metaspace       used 50529K, committed 51200K, reserved 1114112K
  class space    used 6035K, committed 6336K, reserved 1048576K
}
Event: 6.153 GC heap after
{Heap after GC invocations=15 (full 0):
 garbage-first heap   total 58368K, used 27255K [0x00000000a2400000, 0x0000000100000000)
  region size 1024K, 4 young (4096K), 4 survivors (4096K)
 Metaspace       used 50529K, committed 51200K, reserved 1114112K
  class space    used 6035K, committed 6336K, reserved 1048576K
}
Event: 7.271 GC heap before
{Heap before GC invocations=15 (full 0):
 garbage-first heap   total 58368K, used 48759K [0x00000000a2400000, 0x0000000100000000)
  region size 1024K, 26 young (26624K), 4 survivors (4096K)
 Metaspace       used 55469K, committed 56192K, reserved 1114112K
  class space    used 6518K, committed 6848K, reserved 1048576K
}
Event: 7.279 GC heap after
{Heap after GC invocations=16 (full 0):
 garbage-first heap   total 58368K, used 29560K [0x00000000a2400000, 0x0000000100000000)
  region size 1024K, 3 young (3072K), 3 survivors (3072K)
 Metaspace       used 55469K, committed 56192K, reserved 1114112K
  class space    used 6518K, committed 6848K, reserved 1048576K
}
Event: 11.410 GC heap before
{Heap before GC invocations=16 (full 0):
 garbage-first heap   total 58368K, used 49016K [0x00000000a2400000, 0x0000000100000000)
  region size 1024K, 23 young (23552K), 3 survivors (3072K)
 Metaspace       used 61261K, committed 61952K, reserved 1114112K
  class space    used 7095K, committed 7424K, reserved 1048576K
}
Event: 11.469 GC heap after
{Heap after GC invocations=17 (full 0):
 garbage-first heap   total 58368K, used 30612K [0x00000000a2400000, 0x0000000100000000)
  region size 1024K, 2 young (2048K), 2 survivors (2048K)
 Metaspace       used 61261K, committed 61952K, reserved 1114112K
  class space    used 7095K, committed 7424K, reserved 1048576K
}

