# JRE version: OpenJDK Runtime Environment (21.0.4) (build 21.0.4+-12508038-b607.1)
# Java VM: OpenJDK 64-Bit Server VM (21.0.4+-12508038-b607.1, mixed mode, tiered, compressed oops, compressed class ptrs, g1 gc, windows-amd64)
GC Precious Log:
 CardTable entry size: 512
 Card Set container configuration: InlinePtr #cards 5 size 8 Array Of Cards #cards 12 size 40 Howl #buckets 4 coarsen threshold 1843 Howl Bitmap #cards 512 size 80 coarsen threshold 460 Card regions per heap region 1 cards per card region 2048
 CPUs: 12 total, 12 available
 Memory: 5996M
 Large Page Support: Disabled
 NUMA Support: Disabled
 Compressed Oops: Enabled (32-bit)
 Heap Region Size: 1M
 Heap Min Capacity: 8M
 Heap Initial Capacity: 94M
 Heap Max Capacity: 1500M
 Pre-touch: Disabled
 Parallel Workers: 10
 Concurrent Workers: 3
 Concurrent Refinement Workers: 10
 Periodic GC: Disabled
Heap:
 garbage-first heap   total 32768K, used 18179K [0x00000000a2400000, 0x0000000100000000)
  region size 1024K, 5 young (5120K), 2 survivors (2048K)
 Metaspace       used 33241K, committed 33408K, reserved 1114112K
  class space    used 4005K, committed 4096K, reserved 1048576K
GC Heap History (12 events):
Event: 0.683 GC heap before
{Heap before GC invocations=0 (full 0):
 garbage-first heap   total 96256K, used 27648K [0x00000000a2400000, 0x0000000100000000)
  region size 1024K, 23 young (23552K), 0 survivors (0K)
 Metaspace       used 14950K, committed 15104K, reserved 1114112K
  class space    used 1468K, committed 1536K, reserved 1048576K
}
Event: 0.690 GC heap after
{Heap after GC invocations=1 (full 0):
 garbage-first heap   total 96256K, used 7117K [0x00000000a2400000, 0x0000000100000000)
  region size 1024K, 3 young (3072K), 3 survivors (3072K)
 Metaspace       used 14950K, committed 15104K, reserved 1114112K
  class space    used 1468K, committed 1536K, reserved 1048576K
}
Event: 1.033 GC heap before
{Heap before GC invocations=1 (full 0):
 garbage-first heap   total 96256K, used 25549K [0x00000000a2400000, 0x0000000100000000)
  region size 1024K, 22 young (22528K), 3 survivors (3072K)
 Metaspace       used 21307K, committed 21504K, reserved 1114112K
  class space    used 2220K, committed 2304K, reserved 1048576K
}
Event: 1.040 GC heap after
{Heap after GC invocations=2 (full 0):
 garbage-first heap   total 96256K, used 7967K [0x00000000a2400000, 0x0000000100000000)
  region size 1024K, 1 young (1024K), 1 survivors (1024K)
 Metaspace       used 21307K, committed 21504K, reserved 1114112K
  class space    used 2220K, committed 2304K, reserved 1048576K
}
Event: 1.472 GC heap before
{Heap before GC invocations=3 (full 0):
 garbage-first heap   total 27648K, used 27423K [0x00000000a2400000, 0x0000000100000000)
  region size 1024K, 18 young (18432K), 1 survivors (1024K)
 Metaspace       used 24045K, committed 24256K, reserved 1114112K
  class space    used 2849K, committed 2944K, reserved 1048576K
}
Event: 1.489 GC heap after
{Heap after GC invocations=4 (full 0):
 garbage-first heap   total 32768K, used 14000K [0x00000000a2400000, 0x0000000100000000)
  region size 1024K, 5 young (5120K), 5 survivors (5120K)
 Metaspace       used 24045K, committed 24256K, reserved 1114112K
  class space    used 2849K, committed 2944K, reserved 1048576K
}
Event: 1.733 GC heap before
{Heap before GC invocations=4 (full 0):
 garbage-first heap   total 32768K, used 24240K [0x00000000a2400000, 0x0000000100000000)
  region size 1024K, 15 young (15360K), 5 survivors (5120K)
 Metaspace       used 27744K, committed 27968K, reserved 1114112K
  class space    used 3462K, committed 3584K, reserved 1048576K
}
Event: 1.744 GC heap after
{Heap after GC invocations=5 (full 0):
 garbage-first heap   total 32768K, used 14840K [0x00000000a2400000, 0x0000000100000000)
  region size 1024K, 1 young (1024K), 1 survivors (1024K)
 Metaspace       used 27744K, committed 27968K, reserved 1114112K
  class space    used 3462K, committed 3584K, reserved 1048576K
}
Event: 2.819 GC heap before
{Heap before GC invocations=5 (full 0):
 garbage-first heap   total 32768K, used 27128K [0x00000000a2400000, 0x0000000100000000)
  region size 1024K, 13 young (13312K), 1 survivors (1024K)
 Metaspace       used 30199K, committed 30336K, reserved 1114112K
  class space    used 3717K, committed 3776K, reserved 1048576K
}
Event: 2.825 GC heap after
{Heap after GC invocations=6 (full 0):
 garbage-first heap   total 32768K, used 14336K [0x00000000a2400000, 0x0000000100000000)
  region size 1024K, 2 young (2048K), 2 survivors (2048K)
 Metaspace       used 30199K, committed 30336K, reserved 1114112K
  class space    used 3717K, committed 3776K, reserved 1048576K
}
Event: 3.209 GC heap before
{Heap before GC invocations=6 (full 0):
 garbage-first heap   total 32768K, used 25600K [0x00000000a2400000, 0x0000000100000000)
  region size 1024K, 14 young (14336K), 2 survivors (2048K)
 Metaspace       used 32787K, committed 32960K, reserved 1114112K
  class space    used 3969K, committed 4032K, reserved 1048576K
}
Event: 3.212 GC heap after
{Heap after GC invocations=7 (full 0):
 garbage-first heap   total 32768K, used 16131K [0x00000000a2400000, 0x0000000100000000)
  region size 1024K, 2 young (2048K), 2 survivors (2048K)
 Metaspace       used 32787K, committed 32960K, reserved 1114112K
  class space    used 3969K, committed 4032K, reserved 1048576K
}

