# JRE version: OpenJDK Runtime Environment (21.0.4) (build 21.0.4+-12508038-b607.1)
# Java VM: OpenJDK 64-Bit Server VM (21.0.4+-12508038-b607.1, mixed mode, tiered, compressed oops, compressed class ptrs, g1 gc, windows-amd64)
GC Precious Log:
 CardTable entry size: 512
 Card Set container configuration: InlinePtr #cards 5 size 8 Array Of Cards #cards 12 size 40 Howl #buckets 4 coarsen threshold 1843 Howl Bitmap #cards 512 size 80 coarsen threshold 460 Card regions per heap region 1 cards per card region 2048
 CPUs: 12 total, 12 available
 Memory: 5996M
 Large Page Support: Disabled
 NUMA Support: Disabled
 Compressed Oops: Enabled (32-bit)
 Heap Region Size: 1M
 Heap Min Capacity: 8M
 Heap Initial Capacity: 94M
 Heap Max Capacity: 1500M
 Pre-touch: Disabled
 Parallel Workers: 10
 Concurrent Workers: 3
 Concurrent Refinement Workers: 10
 Periodic GC: Disabled
Heap:
 garbage-first heap   total 52224K, used 42914K [0x00000000a2400000, 0x0000000100000000)
  region size 1024K, 19 young (19456K), 2 survivors (2048K)
 Metaspace       used 50975K, committed 51648K, reserved 1114112K
  class space    used 6087K, committed 6400K, reserved 1048576K
GC Heap History (20 events):
Event: 1.435 GC heap before
{Heap before GC invocations=3 (full 0):
 garbage-first heap   total 27648K, used 27230K [0x00000000a2400000, 0x0000000100000000)
  region size 1024K, 18 young (18432K), 1 survivors (1024K)
 Metaspace       used 24058K, committed 24256K, reserved 1114112K
  class space    used 2847K, committed 2944K, reserved 1048576K
}
Event: 1.448 GC heap after
{Heap after GC invocations=4 (full 0):
 garbage-first heap   total 32768K, used 13805K [0x00000000a2400000, 0x0000000100000000)
  region size 1024K, 5 young (5120K), 5 survivors (5120K)
 Metaspace       used 24058K, committed 24256K, reserved 1114112K
  class space    used 2847K, committed 2944K, reserved 1048576K
}
Event: 1.638 GC heap before
{Heap before GC invocations=4 (full 0):
 garbage-first heap   total 32768K, used 24045K [0x00000000a2400000, 0x0000000100000000)
  region size 1024K, 15 young (15360K), 5 survivors (5120K)
 Metaspace       used 27749K, committed 27968K, reserved 1114112K
  class space    used 3463K, committed 3584K, reserved 1048576K
}
Event: 1.647 GC heap after
{Heap after GC invocations=5 (full 0):
 garbage-first heap   total 32768K, used 14886K [0x00000000a2400000, 0x0000000100000000)
  region size 1024K, 1 young (1024K), 1 survivors (1024K)
 Metaspace       used 27749K, committed 27968K, reserved 1114112K
  class space    used 3463K, committed 3584K, reserved 1048576K
}
Event: 1.890 GC heap before
{Heap before GC invocations=5 (full 0):
 garbage-first heap   total 32768K, used 27174K [0x00000000a2400000, 0x0000000100000000)
  region size 1024K, 13 young (13312K), 1 survivors (1024K)
 Metaspace       used 30179K, committed 30336K, reserved 1114112K
  class space    used 3717K, committed 3776K, reserved 1048576K
}
Event: 1.895 GC heap after
{Heap after GC invocations=6 (full 0):
 garbage-first heap   total 32768K, used 14707K [0x00000000a2400000, 0x0000000100000000)
  region size 1024K, 2 young (2048K), 2 survivors (2048K)
 Metaspace       used 30179K, committed 30336K, reserved 1114112K
  class space    used 3717K, committed 3776K, reserved 1048576K
}
Event: 2.107 GC heap before
{Heap before GC invocations=6 (full 0):
 garbage-first heap   total 32768K, used 25971K [0x00000000a2400000, 0x0000000100000000)
  region size 1024K, 14 young (14336K), 2 survivors (2048K)
 Metaspace       used 32743K, committed 32896K, reserved 1114112K
  class space    used 3968K, committed 4032K, reserved 1048576K
}
Event: 2.112 GC heap after
{Heap after GC invocations=7 (full 0):
 garbage-first heap   total 43008K, used 16664K [0x00000000a2400000, 0x0000000100000000)
  region size 1024K, 2 young (2048K), 2 survivors (2048K)
 Metaspace       used 32743K, committed 32896K, reserved 1114112K
  class space    used 3968K, committed 4032K, reserved 1048576K
}
Event: 2.305 GC heap before
{Heap before GC invocations=7 (full 0):
 garbage-first heap   total 43008K, used 27928K [0x00000000a2400000, 0x0000000100000000)
  region size 1024K, 15 young (15360K), 2 survivors (2048K)
 Metaspace       used 35675K, committed 35968K, reserved 1114112K
  class space    used 4216K, committed 4352K, reserved 1048576K
}
Event: 2.309 GC heap after
{Heap after GC invocations=8 (full 0):
 garbage-first heap   total 43008K, used 17906K [0x00000000a2400000, 0x0000000100000000)
  region size 1024K, 2 young (2048K), 2 survivors (2048K)
 Metaspace       used 35675K, committed 35968K, reserved 1114112K
  class space    used 4216K, committed 4352K, reserved 1048576K
}
Event: 2.479 GC heap before
{Heap before GC invocations=9 (full 0):
 garbage-first heap   total 43008K, used 35314K [0x00000000a2400000, 0x0000000100000000)
  region size 1024K, 19 young (19456K), 2 survivors (2048K)
 Metaspace       used 37855K, committed 38528K, reserved 1114112K
  class space    used 4572K, committed 4928K, reserved 1048576K
}
Event: 2.483 GC heap after
{Heap after GC invocations=10 (full 0):
 garbage-first heap   total 43008K, used 19146K [0x00000000a2400000, 0x0000000100000000)
  region size 1024K, 3 young (3072K), 3 survivors (3072K)
 Metaspace       used 37855K, committed 38528K, reserved 1114112K
  class space    used 4572K, committed 4928K, reserved 1048576K
}
Event: 2.811 GC heap before
{Heap before GC invocations=10 (full 0):
 garbage-first heap   total 43008K, used 36554K [0x00000000a2400000, 0x0000000100000000)
  region size 1024K, 19 young (19456K), 3 survivors (3072K)
 Metaspace       used 42474K, committed 43200K, reserved 1114112K
  class space    used 5133K, committed 5504K, reserved 1048576K
}
Event: 2.818 GC heap after
{Heap after GC invocations=11 (full 0):
 garbage-first heap   total 43008K, used 22309K [0x00000000a2400000, 0x0000000100000000)
  region size 1024K, 3 young (3072K), 3 survivors (3072K)
 Metaspace       used 42474K, committed 43200K, reserved 1114112K
  class space    used 5133K, committed 5504K, reserved 1048576K
}
Event: 3.102 GC heap before
{Heap before GC invocations=11 (full 0):
 garbage-first heap   total 43008K, used 35621K [0x00000000a2400000, 0x0000000100000000)
  region size 1024K, 17 young (17408K), 3 survivors (3072K)
 Metaspace       used 45808K, committed 46464K, reserved 1114112K
  class space    used 5513K, committed 5824K, reserved 1048576K
}
Event: 3.110 GC heap after
{Heap after GC invocations=12 (full 0):
 garbage-first heap   total 52224K, used 23607K [0x00000000a2400000, 0x0000000100000000)
  region size 1024K, 2 young (2048K), 2 survivors (2048K)
 Metaspace       used 45808K, committed 46464K, reserved 1114112K
  class space    used 5513K, committed 5824K, reserved 1048576K
}
Event: 3.593 GC heap before
{Heap before GC invocations=13 (full 0):
 garbage-first heap   total 52224K, used 44087K [0x00000000a2400000, 0x0000000100000000)
  region size 1024K, 22 young (22528K), 2 survivors (2048K)
 Metaspace       used 48657K, committed 49408K, reserved 1114112K
  class space    used 5861K, committed 6208K, reserved 1048576K
}
Event: 3.603 GC heap after
{Heap after GC invocations=14 (full 0):
 garbage-first heap   total 52224K, used 26844K [0x00000000a2400000, 0x0000000100000000)
  region size 1024K, 3 young (3072K), 3 survivors (3072K)
 Metaspace       used 48657K, committed 49408K, reserved 1114112K
  class space    used 5861K, committed 6208K, reserved 1048576K
}
Event: 3.710 GC heap before
{Heap before GC invocations=14 (full 0):
 garbage-first heap   total 52224K, used 44252K [0x00000000a2400000, 0x0000000100000000)
  region size 1024K, 20 young (20480K), 3 survivors (3072K)
 Metaspace       used 48730K, committed 49472K, reserved 1114112K
  class space    used 5861K, committed 6208K, reserved 1048576K
}
Event: 3.721 GC heap after
{Heap after GC invocations=15 (full 0):
 garbage-first heap   total 52224K, used 27554K [0x00000000a2400000, 0x0000000100000000)
  region size 1024K, 2 young (2048K), 2 survivors (2048K)
 Metaspace       used 48730K, committed 49472K, reserved 1114112K
  class space    used 5861K, committed 6208K, reserved 1048576K
}

