# JRE version: OpenJDK Runtime Environment (11.0.13) (build 11.0.13+0-b1751.21-8125866)
# Java VM: OpenJDK 64-Bit Server VM (11.0.13+0-b1751.21-8125866, mixed mode, tiered, compressed oops, g1 gc, windows-amd64)
Heap:
 garbage-first heap   total 115712K, used 21815K [0x0000000700000000, 0x0000000800000000)
  region size 1024K, 5 young (5120K), 5 survivors (5120K)
 Metaspace       used 31008K, capacity 31717K, committed 32048K, reserved 1077248K
  class space    used 4083K, capacity 4378K, committed 4480K, reserved 1048576K
GC Heap History (13 events):
Event: 0.574 GC heap before
{Heap before GC invocations=0 (full 0):
 garbage-first heap   total 96256K, used 27648K [0x0000000700000000, 0x0000000800000000)
  region size 1024K, 24 young (24576K), 0 survivors (0K)
 Metaspace       used 10091K, capacity 10271K, committed 10368K, reserved 1058816K
  class space    used 1011K, capacity 1084K, committed 1152K, reserved 1048576K
}
Event: 0.583 GC heap after
{Heap after GC invocations=1 (full 0):
 garbage-first heap   total 96256K, used 10687K [0x0000000700000000, 0x0000000800000000)
  region size 1024K, 3 young (3072K), 3 survivors (3072K)
 Metaspace       used 10091K, capacity 10271K, committed 10368K, reserved 1058816K
  class space    used 1011K, capacity 1084K, committed 1152K, reserved 1048576K
}
Event: 1.119 GC heap before
{Heap before GC invocations=1 (full 0):
 garbage-first heap   total 96256K, used 63935K [0x0000000700000000, 0x0000000800000000)
  region size 1024K, 54 young (55296K), 3 survivors (3072K)
 Metaspace       used 11660K, capacity 11925K, committed 12160K, reserved 1060864K
  class space    used 1214K, capacity 1294K, committed 1408K, reserved 1048576K
}
Event: 1.126 GC heap after
{Heap after GC invocations=2 (full 0):
 garbage-first heap   total 96256K, used 15165K [0x0000000700000000, 0x0000000800000000)
  region size 1024K, 7 young (7168K), 7 survivors (7168K)
 Metaspace       used 11660K, capacity 11925K, committed 12160K, reserved 1060864K
  class space    used 1214K, capacity 1294K, committed 1408K, reserved 1048576K
}
Event: 2.013 GC heap before
{Heap before GC invocations=2 (full 0):
 garbage-first heap   total 96256K, used 64317K [0x0000000700000000, 0x0000000800000000)
  region size 1024K, 55 young (56320K), 7 survivors (7168K)
 Metaspace       used 20445K, capacity 20906K, committed 21120K, reserved 1067008K
  class space    used 2430K, capacity 2594K, committed 2688K, reserved 1048576K
}
Event: 2.019 GC heap after
{Heap after GC invocations=3 (full 0):
 garbage-first heap   total 96256K, used 18044K [0x0000000700000000, 0x0000000800000000)
  region size 1024K, 3 young (3072K), 3 survivors (3072K)
 Metaspace       used 20445K, capacity 20906K, committed 21120K, reserved 1067008K
  class space    used 2430K, capacity 2594K, committed 2688K, reserved 1048576K
}
Event: 2.058 GC heap before
{Heap before GC invocations=3 (full 0):
 garbage-first heap   total 96256K, used 24188K [0x0000000700000000, 0x0000000800000000)
  region size 1024K, 10 young (10240K), 3 survivors (3072K)
 Metaspace       used 20753K, capacity 21168K, committed 21296K, reserved 1069056K
  class space    used 2485K, capacity 2659K, committed 2688K, reserved 1048576K
}
Event: 2.061 GC heap after
{Heap after GC invocations=4 (full 0):
 garbage-first heap   total 96256K, used 18163K [0x0000000700000000, 0x0000000800000000)
  region size 1024K, 3 young (3072K), 3 survivors (3072K)
 Metaspace       used 20753K, capacity 21168K, committed 21296K, reserved 1069056K
  class space    used 2485K, capacity 2659K, committed 2688K, reserved 1048576K
}
Event: 2.461 GC heap before
{Heap before GC invocations=5 (full 0):
 garbage-first heap   total 96256K, used 57075K [0x0000000700000000, 0x0000000800000000)
  region size 1024K, 41 young (41984K), 3 survivors (3072K)
 Metaspace       used 24278K, capacity 24898K, committed 25008K, reserved 1071104K
  class space    used 3046K, capacity 3290K, committed 3328K, reserved 1048576K
}
Event: 2.465 GC heap after
{Heap after GC invocations=6 (full 0):
 garbage-first heap   total 96256K, used 19296K [0x0000000700000000, 0x0000000800000000)
  region size 1024K, 5 young (5120K), 5 survivors (5120K)
 Metaspace       used 24278K, capacity 24898K, committed 25008K, reserved 1071104K
  class space    used 3046K, capacity 3290K, committed 3328K, reserved 1048576K
}
Event: 2.899 GC heap before
{Heap before GC invocations=6 (full 0):
 garbage-first heap   total 96256K, used 60256K [0x0000000700000000, 0x0000000800000000)
  region size 1024K, 45 young (46080K), 5 survivors (5120K)
 Metaspace       used 28005K, capacity 28692K, committed 28976K, reserved 1075200K
  class space    used 3614K, capacity 3858K, committed 3968K, reserved 1048576K
}
Event: 2.904 GC heap after
{Heap after GC invocations=7 (full 0):
 garbage-first heap   total 96256K, used 20887K [0x0000000700000000, 0x0000000800000000)
  region size 1024K, 4 young (4096K), 4 survivors (4096K)
 Metaspace       used 28005K, capacity 28692K, committed 28976K, reserved 1075200K
  class space    used 3614K, capacity 3858K, committed 3968K, reserved 1048576K
}
Event: 3.391 GC heap before
{Heap before GC invocations=7 (full 0):
 garbage-first heap   total 96256K, used 62871K [0x0000000700000000, 0x0000000800000000)
  region size 1024K, 45 young (46080K), 4 survivors (4096K)
 Metaspace       used 31008K, capacity 31717K, committed 32048K, reserved 1077248K
  class space    used 4083K, capacity 4378K, committed 4480K, reserved 1048576K
}

